[debug] [2025-06-12T05:03:48.768Z] ----------------------------------------------------------------------
[debug] [2025-06-12T05:03:48.771Z] Command:       /nix/store/rbdrkcs5kkwpalxcd7c6bnm33lk2955n-nodejs-20.19.0/bin/node /nix/store/nh3zwzkz6wh6qa7bd2ywzr7irjij7j1i-firebase-tools-14.3.1/lib/node_modules/firebase-tools/lib/bin/firebase.js init hosting
[debug] [2025-06-12T05:03:48.772Z] CLI Version:   14.3.1
[debug] [2025-06-12T05:03:48.772Z] Platform:      linux
[debug] [2025-06-12T05:03:48.772Z] Node Version:  v20.19.0
[debug] [2025-06-12T05:03:48.772Z] Time:          Thu Jun 12 2025 05:03:48 GMT+0000 (Coordinated Universal Time)
[debug] [2025-06-12T05:03:48.772Z] ----------------------------------------------------------------------
[debug] 
[debug] [2025-06-12T05:03:49.153Z] > command requires scopes: ["email","openid","https://www.googleapis.com/auth/cloudplatformprojects.readonly","https://www.googleapis.com/auth/firebase","https://www.googleapis.com/auth/cloud-platform"]
[debug] [2025-06-12T05:03:49.154Z] > authorizing via signed-in user (shardgupta65@gmail.com)
[info] 
     ######## #### ########  ######## ########     ###     ######  ########
     ##        ##  ##     ## ##       ##     ##  ##   ##  ##       ##
     ######    ##  ########  ######   ########  #########  ######  ######
     ##        ##  ##    ##  ##       ##     ## ##     ##       ## ##
     ##       #### ##     ## ######## ########  ##     ##  ######  ########

You're about to initialize a Firebase project in this directory:

  /home/user/studio

Before we get started, keep in mind:

  * You are initializing within an existing Firebase project directory

[info] 
=== Project Setup
[info] 
[info] First, let's associate this project directory with a Firebase project.
[info] You can create multiple project aliases by running firebase use --add, 
[info] but for now we'll just set up a default project.
[info] 
[debug] [2025-06-12T05:03:49.162Z] Using project from CLI flag: plant-care-disas-1731648684303
[debug] [2025-06-12T05:03:49.164Z] No OAuth tokens found
[debug] [2025-06-12T05:03:49.165Z] No OAuth tokens found
[debug] [2025-06-12T05:03:49.165Z] > command requires scopes: ["email","openid","https://www.googleapis.com/auth/cloudplatformprojects.readonly","https://www.googleapis.com/auth/firebase","https://www.googleapis.com/auth/cloud-platform"]
[debug] [2025-06-12T05:03:49.165Z] > authorizing via signed-in user (shardgupta65@gmail.com)
[debug] [2025-06-12T05:03:49.169Z] >>> [apiv2][query] GET https://firebase.googleapis.com/v1beta1/projects/plant-care-disas-1731648684303 [none]
[debug] [2025-06-12T05:03:49.502Z] <<< [apiv2][status] GET https://firebase.googleapis.com/v1beta1/projects/plant-care-disas-1731648684303 200
[debug] [2025-06-12T05:03:49.503Z] <<< [apiv2][body] GET https://firebase.googleapis.com/v1beta1/projects/plant-care-disas-1731648684303 {"projectId":"plant-care-disas-1731648684303","projectNumber":"351349559431","displayName":"plant care disaster","name":"projects/plant-care-disas-1731648684303","resources":{"hostingSite":"plant-care-disas-1731648684303"},"state":"ACTIVE","etag":"1_9a287224-8c3e-480e-bc6a-99c35aee94c9"}
[info] i  Using project plant-care-disas-1731648684303 (plant care disaster) 
[info] 
=== Hosting Setup
[debug] [2025-06-12T05:03:49.518Z] No OAuth tokens found
[debug] [2025-06-12T05:03:49.518Z] No OAuth tokens found
[debug] [2025-06-12T05:03:49.518Z] > command requires scopes: ["email","openid","https://www.googleapis.com/auth/cloudplatformprojects.readonly","https://www.googleapis.com/auth/firebase","https://www.googleapis.com/auth/cloud-platform"]
[debug] [2025-06-12T05:03:49.518Z] > authorizing via signed-in user (shardgupta65@gmail.com)
[debug] [2025-06-12T05:03:49.518Z] >>> [apiv2][query] GET https://firebase.googleapis.com/v1beta1/projects/plant-care-disas-1731648684303 [none]
[debug] [2025-06-12T05:03:49.730Z] <<< [apiv2][status] GET https://firebase.googleapis.com/v1beta1/projects/plant-care-disas-1731648684303 200
[debug] [2025-06-12T05:03:49.730Z] <<< [apiv2][body] GET https://firebase.googleapis.com/v1beta1/projects/plant-care-disas-1731648684303 {"projectId":"plant-care-disas-1731648684303","projectNumber":"351349559431","displayName":"plant care disaster","name":"projects/plant-care-disas-1731648684303","resources":{"hostingSite":"plant-care-disas-1731648684303"},"state":"ACTIVE","etag":"1_9a287224-8c3e-480e-bc6a-99c35aee94c9"}
[info] 
[info] i  Detected a .git folder at /home/user/studio 
[info] i  Authorizing with GitHub to upload your service account to a GitHub repository's secrets store. 
[info] 
[info] Visit this URL on this device to log in:
[info] https://github.com/login/oauth/authorize?client_id=89cf50f02ac6aaed3484&state=889403361&redirect_uri=http%3A%2F%2Flocalhost%3A9005&scope=read%3Auser%20repo%20public_repo
[info] 
[info] Waiting for authentication...
